[2025-02-03T17:08:52+08:00][error] [10501]SQLSTATE[42S02]: Base table or view not found: 1146 Table 'jiuliutop.articles' doesn't exist[D:\phpstudy_pro\WWW\jiuliutop\vendor\topthink\think-orm\src\db\PDOConnection.php:836]
[2025-02-03T17:12:00+08:00][error] [10501]SQLSTATE[42S02]: Base table or view not found: 1146 Table 'jiuliutop.articles' doesn't exist[D:\phpstudy_pro\WWW\jiuliutop\vendor\topthink\think-orm\src\db\PDOConnection.php:836]
[2025-02-03T17:12:03+08:00][error] [10501]SQLSTATE[42S02]: Base table or view not found: 1146 Table 'jiuliutop.articles' doesn't exist[D:\phpstudy_pro\WWW\jiuliutop\vendor\topthink\think-orm\src\db\PDOConnection.php:836]
[2025-02-03T17:12:04+08:00][error] [10501]SQLSTATE[42S02]: Base table or view not found: 1146 Table 'jiuliutop.articles' doesn't exist[D:\phpstudy_pro\WWW\jiuliutop\vendor\topthink\think-orm\src\db\PDOConnection.php:836]
[2025-02-03T17:12:04+08:00][error] [10501]SQLSTATE[42S02]: Base table or view not found: 1146 Table 'jiuliutop.articles' doesn't exist[D:\phpstudy_pro\WWW\jiuliutop\vendor\topthink\think-orm\src\db\PDOConnection.php:836]
[2025-02-03T17:12:13+08:00][error] [0]类不存在: Article[D:\phpstudy_pro\WWW\jiuliutop\vendor\topthink\framework\src\think\Container.php:378]
[2025-02-03T17:12:14+08:00][error] [0]类不存在: Article[D:\phpstudy_pro\WWW\jiuliutop\vendor\topthink\framework\src\think\Container.php:378]
[2025-02-03T17:12:18+08:00][error] [10501]SQLSTATE[42S02]: Base table or view not found: 1146 Table 'jiuliutop.articles' doesn't exist[D:\phpstudy_pro\WWW\jiuliutop\vendor\topthink\think-orm\src\db\PDOConnection.php:836]
[2025-02-03T17:12:18+08:00][error] [10501]SQLSTATE[42S02]: Base table or view not found: 1146 Table 'jiuliutop.articles' doesn't exist[D:\phpstudy_pro\WWW\jiuliutop\vendor\topthink\think-orm\src\db\PDOConnection.php:836]
[2025-02-03T17:12:29+08:00][error] [10501]SQLSTATE[42S02]: Base table or view not found: 1146 Table 'jiuliutop.articles' doesn't exist[D:\phpstudy_pro\WWW\jiuliutop\vendor\topthink\think-orm\src\db\PDOConnection.php:836]
[2025-02-03T17:12:30+08:00][error] [10501]SQLSTATE[42S02]: Base table or view not found: 1146 Table 'jiuliutop.articles' doesn't exist[D:\phpstudy_pro\WWW\jiuliutop\vendor\topthink\think-orm\src\db\PDOConnection.php:836]
[2025-02-03T17:12:30+08:00][error] [10501]SQLSTATE[42S02]: Base table or view not found: 1146 Table 'jiuliutop.articles' doesn't exist[D:\phpstudy_pro\WWW\jiuliutop\vendor\topthink\think-orm\src\db\PDOConnection.php:836]
[2025-02-03T17:12:31+08:00][error] [10501]SQLSTATE[42S02]: Base table or view not found: 1146 Table 'jiuliutop.articles' doesn't exist[D:\phpstudy_pro\WWW\jiuliutop\vendor\topthink\think-orm\src\db\PDOConnection.php:836]
[2025-02-03T17:14:02+08:00][error] [10501]SQLSTATE[42S02]: Base table or view not found: 1146 Table 'jiuliutop.articles' doesn't exist[D:\phpstudy_pro\WWW\jiuliutop\vendor\topthink\think-orm\src\db\PDOConnection.php:836]
[2025-02-03T17:14:04+08:00][error] [10501]SQLSTATE[42S02]: Base table or view not found: 1146 Table 'jiuliutop.articles' doesn't exist[D:\phpstudy_pro\WWW\jiuliutop\vendor\topthink\think-orm\src\db\PDOConnection.php:836]
[2025-02-03T17:14:06+08:00][error] [10501]SQLSTATE[42S02]: Base table or view not found: 1146 Table 'jiuliutop.articles' doesn't exist[D:\phpstudy_pro\WWW\jiuliutop\vendor\topthink\think-orm\src\db\PDOConnection.php:836]
[2025-02-03T17:14:07+08:00][error] [10501]SQLSTATE[42S02]: Base table or view not found: 1146 Table 'jiuliutop.articles' doesn't exist[D:\phpstudy_pro\WWW\jiuliutop\vendor\topthink\think-orm\src\db\PDOConnection.php:836]
[2025-02-03T17:14:07+08:00][error] [10501]SQLSTATE[42S02]: Base table or view not found: 1146 Table 'jiuliutop.articles' doesn't exist[D:\phpstudy_pro\WWW\jiuliutop\vendor\topthink\think-orm\src\db\PDOConnection.php:836]
[2025-02-03T17:14:08+08:00][error] [10501]SQLSTATE[42S02]: Base table or view not found: 1146 Table 'jiuliutop.articles' doesn't exist[D:\phpstudy_pro\WWW\jiuliutop\vendor\topthink\think-orm\src\db\PDOConnection.php:836]
[2025-02-03T17:14:09+08:00][error] [10501]SQLSTATE[42S02]: Base table or view not found: 1146 Table 'jiuliutop.articles' doesn't exist[D:\phpstudy_pro\WWW\jiuliutop\vendor\topthink\think-orm\src\db\PDOConnection.php:836]
[2025-02-03T17:14:17+08:00][error] [10501]SQLSTATE[42S02]: Base table or view not found: 1146 Table 'jiuliutop.articles' doesn't exist[D:\phpstudy_pro\WWW\jiuliutop\vendor\topthink\think-orm\src\db\PDOConnection.php:836]
[2025-02-03T17:14:18+08:00][error] [10501]SQLSTATE[42S02]: Base table or view not found: 1146 Table 'jiuliutop.articles' doesn't exist[D:\phpstudy_pro\WWW\jiuliutop\vendor\topthink\think-orm\src\db\PDOConnection.php:836]
[2025-02-03T17:14:19+08:00][error] [10501]SQLSTATE[42S02]: Base table or view not found: 1146 Table 'jiuliutop.articles' doesn't exist[D:\phpstudy_pro\WWW\jiuliutop\vendor\topthink\think-orm\src\db\PDOConnection.php:836]
[2025-02-03T17:14:19+08:00][error] [10501]SQLSTATE[42S02]: Base table or view not found: 1146 Table 'jiuliutop.articles' doesn't exist[D:\phpstudy_pro\WWW\jiuliutop\vendor\topthink\think-orm\src\db\PDOConnection.php:836]
[2025-02-03T17:14:20+08:00][error] [10501]SQLSTATE[42S02]: Base table or view not found: 1146 Table 'jiuliutop.articles' doesn't exist[D:\phpstudy_pro\WWW\jiuliutop\vendor\topthink\think-orm\src\db\PDOConnection.php:836]
[2025-02-03T17:14:21+08:00][error] [10501]SQLSTATE[42S02]: Base table or view not found: 1146 Table 'jiuliutop.articles' doesn't exist[D:\phpstudy_pro\WWW\jiuliutop\vendor\topthink\think-orm\src\db\PDOConnection.php:836]
[2025-02-03T17:14:25+08:00][error] [10501]SQLSTATE[42S02]: Base table or view not found: 1146 Table 'jiuliutop.articles' doesn't exist[D:\phpstudy_pro\WWW\jiuliutop\vendor\topthink\think-orm\src\db\PDOConnection.php:836]
[2025-02-03T17:14:25+08:00][error] [10501]SQLSTATE[42S02]: Base table or view not found: 1146 Table 'jiuliutop.articles' doesn't exist[D:\phpstudy_pro\WWW\jiuliutop\vendor\topthink\think-orm\src\db\PDOConnection.php:836]
[2025-02-03T17:14:29+08:00][error] [10501]SQLSTATE[42S02]: Base table or view not found: 1146 Table 'jiuliutop.articles' doesn't exist[D:\phpstudy_pro\WWW\jiuliutop\vendor\topthink\think-orm\src\db\PDOConnection.php:836]
[2025-02-03T17:14:30+08:00][error] [10501]SQLSTATE[42S02]: Base table or view not found: 1146 Table 'jiuliutop.articles' doesn't exist[D:\phpstudy_pro\WWW\jiuliutop\vendor\topthink\think-orm\src\db\PDOConnection.php:836]
[2025-02-03T17:19:13+08:00][error] [10501]SQLSTATE[42S02]: Base table or view not found: 1146 Table 'jiuliutop.articles' doesn't exist[D:\phpstudy_pro\WWW\jiuliutop\vendor\topthink\think-orm\src\db\PDOConnection.php:836]
[2025-02-03T17:19:15+08:00][error] [10501]SQLSTATE[42S02]: Base table or view not found: 1146 Table 'jiuliutop.articles' doesn't exist[D:\phpstudy_pro\WWW\jiuliutop\vendor\topthink\think-orm\src\db\PDOConnection.php:836]
[2025-02-03T17:19:28+08:00][error] [10501]SQLSTATE[42S02]: Base table or view not found: 1146 Table 'jiuliutop.articles' doesn't exist[D:\phpstudy_pro\WWW\jiuliutop\vendor\topthink\think-orm\src\db\PDOConnection.php:836]
[2025-02-03T17:19:28+08:00][error] [10501]SQLSTATE[42S02]: Base table or view not found: 1146 Table 'jiuliutop.articles' doesn't exist[D:\phpstudy_pro\WWW\jiuliutop\vendor\topthink\think-orm\src\db\PDOConnection.php:836]
[2025-02-03T17:19:29+08:00][error] [10501]SQLSTATE[42S02]: Base table or view not found: 1146 Table 'jiuliutop.articles' doesn't exist[D:\phpstudy_pro\WWW\jiuliutop\vendor\topthink\think-orm\src\db\PDOConnection.php:836]
[2025-02-03T17:22:19+08:00][error] [10501]SQLSTATE[42S02]: Base table or view not found: 1146 Table 'jiuliutop.articles' doesn't exist[D:\phpstudy_pro\WWW\jiuliutop\vendor\topthink\think-orm\src\db\PDOConnection.php:836]
[2025-02-03T17:22:56+08:00][error] [10501]SQLSTATE[42S02]: Base table or view not found: 1146 Table 'jiuliutop.articles' doesn't exist[D:\phpstudy_pro\WWW\jiuliutop\vendor\topthink\think-orm\src\db\PDOConnection.php:836]
[2025-02-03T17:22:56+08:00][error] [10501]SQLSTATE[42S02]: Base table or view not found: 1146 Table 'jiuliutop.articles' doesn't exist[D:\phpstudy_pro\WWW\jiuliutop\vendor\topthink\think-orm\src\db\PDOConnection.php:836]
[2025-02-03T17:22:57+08:00][error] [10501]SQLSTATE[42S02]: Base table or view not found: 1146 Table 'jiuliutop.articles' doesn't exist[D:\phpstudy_pro\WWW\jiuliutop\vendor\topthink\think-orm\src\db\PDOConnection.php:836]
[2025-02-03T17:22:57+08:00][error] [10501]SQLSTATE[42S02]: Base table or view not found: 1146 Table 'jiuliutop.articles' doesn't exist[D:\phpstudy_pro\WWW\jiuliutop\vendor\topthink\think-orm\src\db\PDOConnection.php:836]
[2025-02-03T17:22:58+08:00][error] [10501]SQLSTATE[42S02]: Base table or view not found: 1146 Table 'jiuliutop.articles' doesn't exist[D:\phpstudy_pro\WWW\jiuliutop\vendor\topthink\think-orm\src\db\PDOConnection.php:836]
[2025-02-03T17:23:16+08:00][error] [10501]SQLSTATE[42S02]: Base table or view not found: 1146 Table 'jiuliutop.articles' doesn't exist[D:\phpstudy_pro\WWW\jiuliutop\vendor\topthink\think-orm\src\db\PDOConnection.php:836]
[2025-02-03T17:23:17+08:00][error] [10501]SQLSTATE[42S02]: Base table or view not found: 1146 Table 'jiuliutop.articles' doesn't exist[D:\phpstudy_pro\WWW\jiuliutop\vendor\topthink\think-orm\src\db\PDOConnection.php:836]
[2025-02-03T17:23:18+08:00][error] [10501]SQLSTATE[42S02]: Base table or view not found: 1146 Table 'jiuliutop.articles' doesn't exist[D:\phpstudy_pro\WWW\jiuliutop\vendor\topthink\think-orm\src\db\PDOConnection.php:836]
[2025-02-03T17:23:59+08:00][error] [10501]SQLSTATE[42S02]: Base table or view not found: 1146 Table 'jiuliutop.articles' doesn't exist[D:\phpstudy_pro\WWW\jiuliutop\vendor\topthink\think-orm\src\db\PDOConnection.php:836]
[2025-02-03T17:23:59+08:00][error] [10501]SQLSTATE[42S02]: Base table or view not found: 1146 Table 'jiuliutop.articles' doesn't exist[D:\phpstudy_pro\WWW\jiuliutop\vendor\topthink\think-orm\src\db\PDOConnection.php:836]
[2025-02-03T17:25:47+08:00][error] [10501]SQLSTATE[42S02]: Base table or view not found: 1146 Table 'jiuliutop.articles' doesn't exist[D:\phpstudy_pro\WWW\jiuliutop\vendor\topthink\think-orm\src\db\PDOConnection.php:836]
[2025-02-03T17:25:50+08:00][error] [10501]SQLSTATE[42S02]: Base table or view not found: 1146 Table 'jiuliutop.articles' doesn't exist[D:\phpstudy_pro\WWW\jiuliutop\vendor\topthink\think-orm\src\db\PDOConnection.php:836]
[2025-02-03T17:25:52+08:00][error] [10501]SQLSTATE[42S02]: Base table or view not found: 1146 Table 'jiuliutop.articles' doesn't exist[D:\phpstudy_pro\WWW\jiuliutop\vendor\topthink\think-orm\src\db\PDOConnection.php:836]
[2025-02-03T17:25:52+08:00][error] [10501]SQLSTATE[42S02]: Base table or view not found: 1146 Table 'jiuliutop.articles' doesn't exist[D:\phpstudy_pro\WWW\jiuliutop\vendor\topthink\think-orm\src\db\PDOConnection.php:836]
[2025-02-03T17:25:53+08:00][error] [10501]SQLSTATE[42S02]: Base table or view not found: 1146 Table 'jiuliutop.articles' doesn't exist[D:\phpstudy_pro\WWW\jiuliutop\vendor\topthink\think-orm\src\db\PDOConnection.php:836]
[2025-02-03T17:26:06+08:00][error] [10501]SQLSTATE[42S02]: Base table or view not found: 1146 Table 'jiuliutop.articles' doesn't exist[D:\phpstudy_pro\WWW\jiuliutop\vendor\topthink\think-orm\src\db\PDOConnection.php:836]
[2025-02-03T17:26:06+08:00][error] [10501]SQLSTATE[42S02]: Base table or view not found: 1146 Table 'jiuliutop.articles' doesn't exist[D:\phpstudy_pro\WWW\jiuliutop\vendor\topthink\think-orm\src\db\PDOConnection.php:836]
[2025-02-03T17:26:07+08:00][error] [10501]SQLSTATE[42S02]: Base table or view not found: 1146 Table 'jiuliutop.articles' doesn't exist[D:\phpstudy_pro\WWW\jiuliutop\vendor\topthink\think-orm\src\db\PDOConnection.php:836]
[2025-02-03T17:26:08+08:00][error] [10501]SQLSTATE[42S02]: Base table or view not found: 1146 Table 'jiuliutop.articles' doesn't exist[D:\phpstudy_pro\WWW\jiuliutop\vendor\topthink\think-orm\src\db\PDOConnection.php:836]
[2025-02-03T17:26:09+08:00][error] [10501]SQLSTATE[42S02]: Base table or view not found: 1146 Table 'jiuliutop.articles' doesn't exist[D:\phpstudy_pro\WWW\jiuliutop\vendor\topthink\think-orm\src\db\PDOConnection.php:836]
[2025-02-03T17:26:12+08:00][error] [10501]SQLSTATE[42S02]: Base table or view not found: 1146 Table 'jiuliutop.articles' doesn't exist[D:\phpstudy_pro\WWW\jiuliutop\vendor\topthink\think-orm\src\db\PDOConnection.php:836]
[2025-02-03T17:26:12+08:00][error] [10501]SQLSTATE[42S02]: Base table or view not found: 1146 Table 'jiuliutop.articles' doesn't exist[D:\phpstudy_pro\WWW\jiuliutop\vendor\topthink\think-orm\src\db\PDOConnection.php:836]
[2025-02-03T17:26:12+08:00][error] [10501]SQLSTATE[42S02]: Base table or view not found: 1146 Table 'jiuliutop.articles' doesn't exist[D:\phpstudy_pro\WWW\jiuliutop\vendor\topthink\think-orm\src\db\PDOConnection.php:836]
[2025-02-03T17:26:13+08:00][error] [0]类不存在: Article[D:\phpstudy_pro\WWW\jiuliutop\vendor\topthink\framework\src\think\Container.php:378]
[2025-02-03T17:26:14+08:00][error] [0]类不存在: Article[D:\phpstudy_pro\WWW\jiuliutop\vendor\topthink\framework\src\think\Container.php:378]
[2025-02-03T17:26:14+08:00][error] [0]类不存在: Article[D:\phpstudy_pro\WWW\jiuliutop\vendor\topthink\framework\src\think\Container.php:378]
[2025-02-03T17:27:06+08:00][error] [10501]SQLSTATE[42S02]: Base table or view not found: 1146 Table 'jiuliutop.articles' doesn't exist[D:\phpstudy_pro\WWW\jiuliutop\vendor\topthink\think-orm\src\db\PDOConnection.php:836]
[2025-02-03T17:27:07+08:00][error] [10501]SQLSTATE[42S02]: Base table or view not found: 1146 Table 'jiuliutop.articles' doesn't exist[D:\phpstudy_pro\WWW\jiuliutop\vendor\topthink\think-orm\src\db\PDOConnection.php:836]
[2025-02-03T17:27:08+08:00][error] [10501]SQLSTATE[42S02]: Base table or view not found: 1146 Table 'jiuliutop.articles' doesn't exist[D:\phpstudy_pro\WWW\jiuliutop\vendor\topthink\think-orm\src\db\PDOConnection.php:836]
[2025-02-03T17:27:09+08:00][error] [10501]SQLSTATE[42S02]: Base table or view not found: 1146 Table 'jiuliutop.articles' doesn't exist[D:\phpstudy_pro\WWW\jiuliutop\vendor\topthink\think-orm\src\db\PDOConnection.php:836]
[2025-02-03T17:27:10+08:00][error] [10501]SQLSTATE[42S02]: Base table or view not found: 1146 Table 'jiuliutop.articles' doesn't exist[D:\phpstudy_pro\WWW\jiuliutop\vendor\topthink\think-orm\src\db\PDOConnection.php:836]
[2025-02-03T17:27:10+08:00][error] [10501]SQLSTATE[42S02]: Base table or view not found: 1146 Table 'jiuliutop.articles' doesn't exist[D:\phpstudy_pro\WWW\jiuliutop\vendor\topthink\think-orm\src\db\PDOConnection.php:836]
[2025-02-03T17:27:17+08:00][error] [10501]SQLSTATE[42S02]: Base table or view not found: 1146 Table 'jiuliutop.articles' doesn't exist[D:\phpstudy_pro\WWW\jiuliutop\vendor\topthink\think-orm\src\db\PDOConnection.php:836]
[2025-02-03T17:27:18+08:00][error] [10501]SQLSTATE[42S02]: Base table or view not found: 1146 Table 'jiuliutop.articles' doesn't exist[D:\phpstudy_pro\WWW\jiuliutop\vendor\topthink\think-orm\src\db\PDOConnection.php:836]
[2025-02-03T17:27:24+08:00][error] [10501]SQLSTATE[42S02]: Base table or view not found: 1146 Table 'jiuliutop.articles' doesn't exist[D:\phpstudy_pro\WWW\jiuliutop\vendor\topthink\think-orm\src\db\PDOConnection.php:836]
[2025-02-03T17:27:24+08:00][error] [10501]SQLSTATE[42S02]: Base table or view not found: 1146 Table 'jiuliutop.articles' doesn't exist[D:\phpstudy_pro\WWW\jiuliutop\vendor\topthink\think-orm\src\db\PDOConnection.php:836]
[2025-02-03T17:27:25+08:00][error] [10501]SQLSTATE[42S02]: Base table or view not found: 1146 Table 'jiuliutop.articles' doesn't exist[D:\phpstudy_pro\WWW\jiuliutop\vendor\topthink\think-orm\src\db\PDOConnection.php:836]
[2025-02-03T17:27:25+08:00][error] [10501]SQLSTATE[42S02]: Base table or view not found: 1146 Table 'jiuliutop.articles' doesn't exist[D:\phpstudy_pro\WWW\jiuliutop\vendor\topthink\think-orm\src\db\PDOConnection.php:836]
[2025-02-03T17:27:32+08:00][error] [10501]SQLSTATE[42S02]: Base table or view not found: 1146 Table 'jiuliutop.articles' doesn't exist[D:\phpstudy_pro\WWW\jiuliutop\vendor\topthink\think-orm\src\db\PDOConnection.php:836]
[2025-02-03T17:27:33+08:00][error] [10501]SQLSTATE[42S02]: Base table or view not found: 1146 Table 'jiuliutop.articles' doesn't exist[D:\phpstudy_pro\WWW\jiuliutop\vendor\topthink\think-orm\src\db\PDOConnection.php:836]
[2025-02-03T17:27:34+08:00][error] [10501]SQLSTATE[42S02]: Base table or view not found: 1146 Table 'jiuliutop.articles' doesn't exist[D:\phpstudy_pro\WWW\jiuliutop\vendor\topthink\think-orm\src\db\PDOConnection.php:836]
[2025-02-03T17:27:40+08:00][error] [10501]SQLSTATE[42S02]: Base table or view not found: 1146 Table 'jiuliutop.articles' doesn't exist[D:\phpstudy_pro\WWW\jiuliutop\vendor\topthink\think-orm\src\db\PDOConnection.php:836]
[2025-02-03T17:27:41+08:00][error] [10501]SQLSTATE[42S02]: Base table or view not found: 1146 Table 'jiuliutop.articles' doesn't exist[D:\phpstudy_pro\WWW\jiuliutop\vendor\topthink\think-orm\src\db\PDOConnection.php:836]
[2025-02-03T17:27:42+08:00][error] [10501]SQLSTATE[42S02]: Base table or view not found: 1146 Table 'jiuliutop.articles' doesn't exist[D:\phpstudy_pro\WWW\jiuliutop\vendor\topthink\think-orm\src\db\PDOConnection.php:836]
[2025-02-03T17:27:43+08:00][error] [10501]SQLSTATE[42S02]: Base table or view not found: 1146 Table 'jiuliutop.articles' doesn't exist[D:\phpstudy_pro\WWW\jiuliutop\vendor\topthink\think-orm\src\db\PDOConnection.php:836]
[2025-02-03T17:27:44+08:00][error] [10501]SQLSTATE[42S02]: Base table or view not found: 1146 Table 'jiuliutop.articles' doesn't exist[D:\phpstudy_pro\WWW\jiuliutop\vendor\topthink\think-orm\src\db\PDOConnection.php:836]
[2025-02-03T17:27:44+08:00][error] [10501]SQLSTATE[42S02]: Base table or view not found: 1146 Table 'jiuliutop.articles' doesn't exist[D:\phpstudy_pro\WWW\jiuliutop\vendor\topthink\think-orm\src\db\PDOConnection.php:836]
[2025-02-03T17:28:15+08:00][error] [10501]SQLSTATE[42S02]: Base table or view not found: 1146 Table 'jiuliutop.articles' doesn't exist[D:\phpstudy_pro\WWW\jiuliutop\vendor\topthink\think-orm\src\db\PDOConnection.php:836]
[2025-02-03T17:28:16+08:00][error] [10501]SQLSTATE[42S02]: Base table or view not found: 1146 Table 'jiuliutop.articles' doesn't exist[D:\phpstudy_pro\WWW\jiuliutop\vendor\topthink\think-orm\src\db\PDOConnection.php:836]
[2025-02-03T17:28:21+08:00][error] [10501]SQLSTATE[42S02]: Base table or view not found: 1146 Table 'jiuliutop.articles' doesn't exist[D:\phpstudy_pro\WWW\jiuliutop\vendor\topthink\think-orm\src\db\PDOConnection.php:836]
[2025-02-03T17:28:21+08:00][error] [10501]SQLSTATE[42S02]: Base table or view not found: 1146 Table 'jiuliutop.articles' doesn't exist[D:\phpstudy_pro\WWW\jiuliutop\vendor\topthink\think-orm\src\db\PDOConnection.php:836]
[2025-02-03T17:28:22+08:00][error] [10501]SQLSTATE[42S02]: Base table or view not found: 1146 Table 'jiuliutop.articles' doesn't exist[D:\phpstudy_pro\WWW\jiuliutop\vendor\topthink\think-orm\src\db\PDOConnection.php:836]
[2025-02-03T17:28:28+08:00][error] [10501]SQLSTATE[42S02]: Base table or view not found: 1146 Table 'jiuliutop.articles' doesn't exist[D:\phpstudy_pro\WWW\jiuliutop\vendor\topthink\think-orm\src\db\PDOConnection.php:836]
[2025-02-03T17:28:29+08:00][error] [10501]SQLSTATE[42S02]: Base table or view not found: 1146 Table 'jiuliutop.articles' doesn't exist[D:\phpstudy_pro\WWW\jiuliutop\vendor\topthink\think-orm\src\db\PDOConnection.php:836]
[2025-02-03T17:28:30+08:00][error] [10501]SQLSTATE[42S02]: Base table or view not found: 1146 Table 'jiuliutop.articles' doesn't exist[D:\phpstudy_pro\WWW\jiuliutop\vendor\topthink\think-orm\src\db\PDOConnection.php:836]
[2025-02-03T17:28:30+08:00][error] [10501]SQLSTATE[42S02]: Base table or view not found: 1146 Table 'jiuliutop.articles' doesn't exist[D:\phpstudy_pro\WWW\jiuliutop\vendor\topthink\think-orm\src\db\PDOConnection.php:836]
[2025-02-03T17:28:42+08:00][error] [10501]SQLSTATE[42S02]: Base table or view not found: 1146 Table 'jiuliutop.articles' doesn't exist[D:\phpstudy_pro\WWW\jiuliutop\vendor\topthink\think-orm\src\db\PDOConnection.php:836]
[2025-02-03T17:28:43+08:00][error] [10501]SQLSTATE[42S02]: Base table or view not found: 1146 Table 'jiuliutop.articles' doesn't exist[D:\phpstudy_pro\WWW\jiuliutop\vendor\topthink\think-orm\src\db\PDOConnection.php:836]
[2025-02-03T17:28:44+08:00][error] [10501]SQLSTATE[42S02]: Base table or view not found: 1146 Table 'jiuliutop.articles' doesn't exist[D:\phpstudy_pro\WWW\jiuliutop\vendor\topthink\think-orm\src\db\PDOConnection.php:836]
[2025-02-03T17:28:45+08:00][error] [10501]SQLSTATE[42S02]: Base table or view not found: 1146 Table 'jiuliutop.articles' doesn't exist[D:\phpstudy_pro\WWW\jiuliutop\vendor\topthink\think-orm\src\db\PDOConnection.php:836]
[2025-02-03T17:28:45+08:00][error] [10501]SQLSTATE[42S02]: Base table or view not found: 1146 Table 'jiuliutop.articles' doesn't exist[D:\phpstudy_pro\WWW\jiuliutop\vendor\topthink\think-orm\src\db\PDOConnection.php:836]
[2025-02-03T17:28:45+08:00][error] [10501]SQLSTATE[42S02]: Base table or view not found: 1146 Table 'jiuliutop.articles' doesn't exist[D:\phpstudy_pro\WWW\jiuliutop\vendor\topthink\think-orm\src\db\PDOConnection.php:836]
[2025-02-03T17:28:46+08:00][error] [10501]SQLSTATE[42S02]: Base table or view not found: 1146 Table 'jiuliutop.articles' doesn't exist[D:\phpstudy_pro\WWW\jiuliutop\vendor\topthink\think-orm\src\db\PDOConnection.php:836]
[2025-02-03T17:28:46+08:00][error] [10501]SQLSTATE[42S02]: Base table or view not found: 1146 Table 'jiuliutop.articles' doesn't exist[D:\phpstudy_pro\WWW\jiuliutop\vendor\topthink\think-orm\src\db\PDOConnection.php:836]
[2025-02-03T17:29:06+08:00][error] [10501]SQLSTATE[42S02]: Base table or view not found: 1146 Table 'jiuliutop.articles' doesn't exist[D:\phpstudy_pro\WWW\jiuliutop\vendor\topthink\think-orm\src\db\PDOConnection.php:836]
[2025-02-03T17:29:07+08:00][error] [10501]SQLSTATE[42S02]: Base table or view not found: 1146 Table 'jiuliutop.articles' doesn't exist[D:\phpstudy_pro\WWW\jiuliutop\vendor\topthink\think-orm\src\db\PDOConnection.php:836]
[2025-02-03T17:29:07+08:00][error] [10501]SQLSTATE[42S02]: Base table or view not found: 1146 Table 'jiuliutop.articles' doesn't exist[D:\phpstudy_pro\WWW\jiuliutop\vendor\topthink\think-orm\src\db\PDOConnection.php:836]
[2025-02-03T17:29:08+08:00][error] [10501]SQLSTATE[42S02]: Base table or view not found: 1146 Table 'jiuliutop.articles' doesn't exist[D:\phpstudy_pro\WWW\jiuliutop\vendor\topthink\think-orm\src\db\PDOConnection.php:836]
[2025-02-03T17:29:09+08:00][error] [10501]SQLSTATE[42S02]: Base table or view not found: 1146 Table 'jiuliutop.articles' doesn't exist[D:\phpstudy_pro\WWW\jiuliutop\vendor\topthink\think-orm\src\db\PDOConnection.php:836]
[2025-02-03T17:30:28+08:00][error] [0]模板文件不存在:D:\phpstudy_pro\WWW\jiuliutop\app\view\index\index.php[D:\phpstudy_pro\WWW\jiuliutop\vendor\topthink\framework\src\think\view\driver\Php.php:81]
[2025-02-03T17:32:21+08:00][error] [0]模板文件不存在:D:\phpstudy_pro\WWW\jiuliutop\app\view\index\index.php[D:\phpstudy_pro\WWW\jiuliutop\vendor\topthink\framework\src\think\view\driver\Php.php:81]
[2025-02-03T17:32:55+08:00][error] [10500]method not exist:think\db\Query->all[D:\phpstudy_pro\WWW\jiuliutop\vendor\topthink\think-orm\src\db\BaseQuery.php:146]
[2025-02-03T17:32:57+08:00][error] [0]类不存在: Admin[D:\phpstudy_pro\WWW\jiuliutop\vendor\topthink\framework\src\think\Container.php:378]
[2025-02-03T17:33:08+08:00][error] [10500]method not exist:think\db\Query->all[D:\phpstudy_pro\WWW\jiuliutop\vendor\topthink\think-orm\src\db\BaseQuery.php:146]
[2025-02-03T17:33:09+08:00][error] [0]类不存在: Admin[D:\phpstudy_pro\WWW\jiuliutop\vendor\topthink\framework\src\think\Container.php:378]
[2025-02-03T17:33:11+08:00][error] [0]类不存在: Index[D:\phpstudy_pro\WWW\jiuliutop\vendor\topthink\framework\src\think\Container.php:378]
[2025-02-03T17:35:06+08:00][error] [0]类不存在: Admin[D:\phpstudy_pro\WWW\jiuliutop\vendor\topthink\framework\src\think\Container.php:378]
[2025-02-03T17:35:07+08:00][error] [10500]method not exist:think\db\Query->all[D:\phpstudy_pro\WWW\jiuliutop\vendor\topthink\think-orm\src\db\BaseQuery.php:146]
[2025-02-03T17:35:09+08:00][error] [10500]method not exist:think\db\Query->all[D:\phpstudy_pro\WWW\jiuliutop\vendor\topthink\think-orm\src\db\BaseQuery.php:146]
[2025-02-03T17:35:10+08:00][error] [0]类不存在: Admin[D:\phpstudy_pro\WWW\jiuliutop\vendor\topthink\framework\src\think\Container.php:378]
[2025-02-03T17:35:11+08:00][error] [0]类不存在: Admin[D:\phpstudy_pro\WWW\jiuliutop\vendor\topthink\framework\src\think\Container.php:378]
[2025-02-03T17:35:12+08:00][error] [0]类不存在: Admin[D:\phpstudy_pro\WWW\jiuliutop\vendor\topthink\framework\src\think\Container.php:378]
[2025-02-03T17:35:12+08:00][error] [0]类不存在: Admin[D:\phpstudy_pro\WWW\jiuliutop\vendor\topthink\framework\src\think\Container.php:378]
[2025-02-03T17:35:12+08:00][error] [0]类不存在: Admin[D:\phpstudy_pro\WWW\jiuliutop\vendor\topthink\framework\src\think\Container.php:378]
[2025-02-03T17:35:14+08:00][error] [0]类不存在: Index[D:\phpstudy_pro\WWW\jiuliutop\vendor\topthink\framework\src\think\Container.php:378]
[2025-02-03T17:35:15+08:00][error] [0]类不存在: Index[D:\phpstudy_pro\WWW\jiuliutop\vendor\topthink\framework\src\think\Container.php:378]
[2025-02-03T17:35:17+08:00][error] [0]类不存在: Index[D:\phpstudy_pro\WWW\jiuliutop\vendor\topthink\framework\src\think\Container.php:378]
[2025-02-03T17:35:21+08:00][error] [0]类不存在: Index[D:\phpstudy_pro\WWW\jiuliutop\vendor\topthink\framework\src\think\Container.php:378]
